#
# There is insufficient memory for the Java Runtime Environment to continue.
# Native memory allocation (malloc) failed to allocate 2836256 bytes for Chunk::new
# Possible reasons:
#   The system is out of physical RAM or swap space
#   The process is running with CompressedOops enabled, and the Java Heap may be blocking the growth of the native heap
# Possible solutions:
#   Reduce memory load on the system
#   Increase physical memory or swap space
#   Check if swap backing store is full
#   Decrease Java heap size (-Xmx/-Xms)
#   Decrease number of Java threads
#   Decrease Java thread stack sizes (-Xss)
#   Set larger code cache with -XX:ReservedCodeCacheSize=
#   JVM is running with Unscaled Compressed Oops mode in which the Java heap is
#     placed in the first 4GB address space. The Java Heap base address is the
#     maximum limit for the native heap growth. Please use -XX:HeapBaseMinAddress
#     to set the Java Heap base and to place the Java Heap above 4GB virtual address.
# This output file may be truncated or incomplete.
#
#  Out of Memory Error (arena.cpp:184), pid=10764, tid=20984
#
# JRE version: Java(TM) SE Runtime Environment (18.0.2.1+1) (build 18.0.2.1+1-1)
# Java VM: Java HotSpot(TM) 64-Bit Server VM (18.0.2.1+1-1, mixed mode, sharing, tiered, compressed oops, compressed class ptrs, parallel gc, windows-amd64)
# No core dump will be written. Minidumps are not enabled by default on client versions of Windows
#

---------------  S U M M A R Y ------------

Command Line: --add-modules=ALL-SYSTEM --add-opens=java.base/java.util=ALL-UNNAMED --add-opens=java.base/java.lang=ALL-UNNAMED --add-opens=java.base/sun.nio.fs=ALL-UNNAMED -Declipse.application=org.eclipse.jdt.ls.core.id1 -Dosgi.bundles.defaultStartLevel=4 -Declipse.product=org.eclipse.jdt.ls.core.product -Djava.import.generatesMetadataFilesAtProjectRoot=false -Dfile.encoding=utf8 -XX:+UseParallelGC -XX:GCTimeRatio=4 -XX:AdaptiveSizePolicyWeight=90 -Dsun.zip.disableMemoryMapping=true -Xmx1G -Xms100m -Xlog:disable -javaagent:c:\Users\Alex_Carl\.vscode\extensions\redhat.java-1.15.0-win32-x64\lombok\lombok-1.18.24.jar -XX:+HeapDumpOnOutOfMemoryError -XX:HeapDumpPath=c:\Users\Alex_Carl\AppData\Roaming\Code\User\workspaceStorage\57c06f3bca6960271037fad1d69739cf\redhat.java c:\Users\Alex_Carl\.vscode\extensions\redhat.java-1.15.0-win32-x64\server\plugins\org.eclipse.equinox.launcher_1.6.400.v20210924-0641.jar -configuration c:\Users\Alex_Carl\AppData\Roaming\Code\User\globalStorage\redhat.java\1.15.0\config_win -data c:\Users\Alex_Carl\AppData\Roaming\Code\User\workspaceStorage\57c06f3bca6960271037fad1d69739cf\redhat.java\jdt_ws

Host: AMD Ryzen 7 2700X Eight-Core Processor         , 16 cores, 31G,  Windows 11 , 64 bit Build 22621 (10.0.22621.1325)
Time: Thu Mar  2 20:21:17 2023 SE Asia Standard Time elapsed time: 4.892502 seconds (0d 0h 0m 4s)

---------------  T H R E A D  ---------------

Current thread (0x0000026c8bdf7c40):  JavaThread "C2 CompilerThread0" daemon [_thread_in_native, id=20984, stack(0x000000d9b8500000,0x000000d9b8600000)]


Current CompileTask:
C2:   4892 3866   !   4       org.eclipse.osgi.internal.loader.classpath.ClasspathManager::findLocalClass (210 bytes)

Stack: [0x000000d9b8500000,0x000000d9b8600000]
Native frames: (J=compiled Java code, j=interpreted, Vv=VM code, C=native code)
V  [jvm.dll+0x6993aa]
V  [jvm.dll+0x7f46dd]
V  [jvm.dll+0x7f5fee]
V  [jvm.dll+0x7f66a3]
V  [jvm.dll+0x25cf1f]
V  [jvm.dll+0xb8c2f]
V  [jvm.dll+0xb8fa5]
V  [jvm.dll+0x3860cb]
V  [jvm.dll+0x1d2d58]
V  [jvm.dll+0x230259]
V  [jvm.dll+0x22f4d1]
V  [jvm.dll+0x1ba01c]
V  [jvm.dll+0x23ee0a]
V  [jvm.dll+0x23d0f5]
V  [jvm.dll+0x7a6dd1]
V  [jvm.dll+0x7a120a]
V  [jvm.dll+0x698255]
C  [ucrtbase.dll+0x29363]
C  [KERNEL32.DLL+0x126bd]
C  [ntdll.dll+0x5a9f8]


---------------  P R O C E S S  ---------------

Threads class SMR info:
_java_thread_list=0x0000026cad052060, length=35, elements={
0x0000026c8bd49450, 0x0000026ca4857100, 0x0000026ca4858860, 0x0000026c8bde73e0,
0x0000026c8bde7f80, 0x0000026c8bdec0e0, 0x0000026c8bdf0a90, 0x0000026c8bdf7c40,
0x0000026c8bdfb210, 0x0000026c8bdfb710, 0x0000026ca5e0f970, 0x0000026c8bdb2f10,
0x0000026c8bdb3410, 0x0000026ca5e662c0, 0x0000026ca5ea1270, 0x0000026cabc28840,
0x0000026cac6a6a40, 0x0000026cac4af9c0, 0x0000026cac4afe80, 0x0000026cac6f7b60,
0x0000026cac8d5c70, 0x0000026cacaf0e20, 0x0000026cacc43d90, 0x0000026cac7eb750,
0x0000026cac7eca90, 0x0000026cac7e9f40, 0x0000026cac7ea8e0, 0x0000026cac7ed900,
0x0000026cac7eadb0, 0x0000026cac7ed430, 0x0000026cac7eb280, 0x0000026cad97f6c0,
0x0000026caef21db0, 0x0000026cad733390, 0x0000026cac7ecf60
}

Java Threads: ( => current thread )
  0x0000026c8bd49450 JavaThread "main" [_thread_blocked, id=21324, stack(0x000000d9b7c00000,0x000000d9b7d00000)]
  0x0000026ca4857100 JavaThread "Reference Handler" daemon [_thread_blocked, id=20568, stack(0x000000d9b7f00000,0x000000d9b8000000)]
  0x0000026ca4858860 JavaThread "Finalizer" daemon [_thread_blocked, id=12512, stack(0x000000d9b8000000,0x000000d9b8100000)]
  0x0000026c8bde73e0 JavaThread "Signal Dispatcher" daemon [_thread_blocked, id=14928, stack(0x000000d9b8100000,0x000000d9b8200000)]
  0x0000026c8bde7f80 JavaThread "Attach Listener" daemon [_thread_blocked, id=8332, stack(0x000000d9b8200000,0x000000d9b8300000)]
  0x0000026c8bdec0e0 JavaThread "Service Thread" daemon [_thread_blocked, id=23420, stack(0x000000d9b8300000,0x000000d9b8400000)]
  0x0000026c8bdf0a90 JavaThread "Monitor Deflation Thread" daemon [_thread_blocked, id=30248, stack(0x000000d9b8400000,0x000000d9b8500000)]
=>0x0000026c8bdf7c40 JavaThread "C2 CompilerThread0" daemon [_thread_in_native, id=20984, stack(0x000000d9b8500000,0x000000d9b8600000)]
  0x0000026c8bdfb210 JavaThread "C1 CompilerThread0" daemon [_thread_blocked, id=24664, stack(0x000000d9b8600000,0x000000d9b8700000)]
  0x0000026c8bdfb710 JavaThread "Sweeper thread" daemon [_thread_blocked, id=28340, stack(0x000000d9b8700000,0x000000d9b8800000)]
  0x0000026ca5e0f970 JavaThread "Common-Cleaner" daemon [_thread_blocked, id=29980, stack(0x000000d9b8800000,0x000000d9b8900000)]
  0x0000026c8bdb2f10 JavaThread "C1 CompilerThread1" daemon [_thread_blocked, id=20324, stack(0x000000d9b8900000,0x000000d9b8a00000)]
  0x0000026c8bdb3410 JavaThread "C1 CompilerThread2" daemon [_thread_blocked, id=30624, stack(0x000000d9b8a00000,0x000000d9b8b00000)]
  0x0000026ca5e662c0 JavaThread "C1 CompilerThread3" daemon [_thread_blocked, id=14428, stack(0x000000d9b8b00000,0x000000d9b8c00000)]
  0x0000026ca5ea1270 JavaThread "C2 CompilerThread1" daemon [_thread_in_native, id=17416, stack(0x000000d9b8c00000,0x000000d9b8d00000)]
  0x0000026cabc28840 JavaThread "Notification Thread" daemon [_thread_blocked, id=3868, stack(0x000000d9b8e00000,0x000000d9b8f00000)]
  0x0000026cac6a6a40 JavaThread "Active Thread: Equinox Container: b41bd5cb-11ae-4844-87b8-5fe62c888cdb" [_thread_blocked, id=28076, stack(0x000000d9b9200000,0x000000d9b9300000)]
  0x0000026cac4af9c0 JavaThread "Framework Event Dispatcher: Equinox Container: b41bd5cb-11ae-4844-87b8-5fe62c888cdb" daemon [_thread_blocked, id=2644, stack(0x000000d9b9100000,0x000000d9b9200000)]
  0x0000026cac4afe80 JavaThread "Start Level: Equinox Container: b41bd5cb-11ae-4844-87b8-5fe62c888cdb" daemon [_thread_blocked, id=27628, stack(0x000000d9b9300000,0x000000d9b9400000)]
  0x0000026cac6f7b60 JavaThread "SCR Component Actor" daemon [_thread_blocked, id=5204, stack(0x000000d9b9c00000,0x000000d9b9d00000)]
  0x0000026cac8d5c70 JavaThread "SCR Component Registry" daemon [_thread_blocked, id=2820, stack(0x000000d9b9d00000,0x000000d9b9e00000)]
  0x0000026cacaf0e20 JavaThread "C2 CompilerThread2" daemon [_thread_blocked, id=20624, stack(0x000000d9b8d00000,0x000000d9b8e00000)]
  0x0000026cacc43d90 JavaThread "Bundle File Closer" daemon [_thread_blocked, id=24044, stack(0x000000d9b9000000,0x000000d9b9100000)]
  0x0000026cac7eb750 JavaThread "Worker-JM" [_thread_blocked, id=24680, stack(0x000000d9ba000000,0x000000d9ba100000)]
  0x0000026cac7eca90 JavaThread "Worker-0: Updating Maven Dependencies" [_thread_blocked, id=14584, stack(0x000000d9ba100000,0x000000d9ba200000)]
  0x0000026cac7e9f40 JavaThread "Worker-1" [_thread_blocked, id=16352, stack(0x000000d9ba200000,0x000000d9ba300000)]
  0x0000026cac7ea8e0 JavaThread "Worker-2: Repository registry initialization" [_thread_in_vm, id=27944, stack(0x000000d9ba600000,0x000000d9ba700000)]
  0x0000026cac7ed900 JavaThread "Java indexing" daemon [_thread_blocked, id=30404, stack(0x000000d9ba500000,0x000000d9ba600000)]
  0x0000026cac7eadb0 JavaThread "JNA Cleaner" daemon [_thread_blocked, id=5788, stack(0x000000d9ba700000,0x000000d9ba800000)]
  0x0000026cac7ed430 JavaThread "Worker-3" [_thread_blocked, id=8472, stack(0x000000d9bab00000,0x000000d9bac00000)]
  0x0000026cac7eb280 JavaThread "pool-2-thread-1" [_thread_blocked, id=1700, stack(0x000000d9bac00000,0x000000d9bad00000)]
  0x0000026cad97f6c0 JavaThread "C2 CompilerThread3" daemon [_thread_in_native, id=24364, stack(0x000000d9bad00000,0x000000d9bae00000)]
  0x0000026caef21db0 JavaThread "C2 CompilerThread4" daemon [_thread_in_native, id=14112, stack(0x000000d9bae00000,0x000000d9baf00000)]
  0x0000026cad733390 JavaThread "C2 CompilerThread5" daemon [_thread_in_native, id=27080, stack(0x000000d9baf00000,0x000000d9bb000000)]
  0x0000026cac7ecf60 JavaThread "pool-1-thread-1" [_thread_blocked, id=21232, stack(0x000000d9bb200000,0x000000d9bb300000)]

Other Threads:
  0x0000026ca4853e30 VMThread "VM Thread" [stack: 0x000000d9b7e00000,0x000000d9b7f00000] [id=4220]
  0x0000026cabc31bc0 WatcherThread "VM Periodic Task Thread" [stack: 0x000000d9b8f00000,0x000000d9b9000000] [id=15292]
  0x0000026c8bd658e0 WorkerThread "GC Thread#0" [stack: 0x000000d9b7d00000,0x000000d9b7e00000] [id=23432]
  0x0000026cac7aaaa0 WorkerThread "GC Thread#1" [stack: 0x000000d9b9500000,0x000000d9b9600000] [id=26448]
  0x0000026cac823680 WorkerThread "GC Thread#2" [stack: 0x000000d9b9600000,0x000000d9b9700000] [id=15428]
  0x0000026cac823920 WorkerThread "GC Thread#3" [stack: 0x000000d9b9700000,0x000000d9b9800000] [id=11804]
  0x0000026cac823bc0 WorkerThread "GC Thread#4" [stack: 0x000000d9b9800000,0x000000d9b9900000] [id=18512]
  0x0000026cac4b06b0 WorkerThread "GC Thread#5" [stack: 0x000000d9b9900000,0x000000d9b9a00000] [id=23088]
  0x0000026cac4b0950 WorkerThread "GC Thread#6" [stack: 0x000000d9b9a00000,0x000000d9b9b00000] [id=28292]
  0x0000026cabead0a0 WorkerThread "GC Thread#7" [stack: 0x000000d9b9400000,0x000000d9b9500000] [id=9652]
  0x0000026cac5bb020 WorkerThread "GC Thread#8" [stack: 0x000000d9b9b00000,0x000000d9b9c00000] [id=23960]
  0x0000026caca82090 WorkerThread "GC Thread#9" [stack: 0x000000d9b9e00000,0x000000d9b9f00000] [id=16120]
  0x0000026cac83bf40 WorkerThread "GC Thread#10" [stack: 0x000000d9b9f00000,0x000000d9ba000000] [id=22600]
  0x0000026cac83c9c0 WorkerThread "GC Thread#11" [stack: 0x000000d9ba300000,0x000000d9ba400000] [id=17412]
  0x0000026cac83c480 WorkerThread "GC Thread#12" [stack: 0x000000d9ba400000,0x000000d9ba500000] [id=30904]

Threads with active compile tasks:
C2 CompilerThread0     4930 3866   !   4       org.eclipse.osgi.internal.loader.classpath.ClasspathManager::findLocalClass (210 bytes)
C2 CompilerThread1     4930 4271   !   4       org.eclipse.osgi.internal.loader.classpath.ClasspathManager::defineClass (636 bytes)
C2 CompilerThread3     4930 4302       4       java.lang.reflect.Method::getAnnotation (6 bytes)
C2 CompilerThread4     4930 4072   !   4       org.eclipse.osgi.internal.loader.BundleLoader::findClass0 (466 bytes)
C2 CompilerThread5     4930 4129       4       org.eclipse.osgi.internal.loader.BundleLoader::addExportedProvidersFor (167 bytes)

VM state: not at safepoint (normal execution)

VM Mutex/Monitor currently owned by a thread: None

Heap address: 0x00000000c0000000, size: 1024 MB, Compressed Oops mode: 32-bit

CDS archive(s) mapped at: [0x0000000800000000-0x0000000800ba0000-0x0000000800ba0000), size 12189696, SharedBaseAddress: 0x0000000800000000, ArchiveRelocationMode: 0.
Compressed class space mapped at: 0x0000000800c00000-0x0000000840c00000, reserved size: 1073741824
Narrow klass base: 0x0000000800000000, Narrow klass shift: 0, Narrow klass range: 0x100000000

GC Precious Log:
 CardTable entry size: 512
 CPUs: 16 total, 16 available
 Memory: 32696M
 Large Page Support: Disabled
 NUMA Support: Disabled
 Compressed Oops: Enabled (32-bit)
 Alignments: Space 512K, Generation 512K, Heap 2M
 Heap Min Capacity: 100M
 Heap Initial Capacity: 100M
 Heap Max Capacity: 1G
 Pre-touch: Disabled
 Parallel Workers: 13

Heap:
 PSYoungGen      total 26624K, used 24025K [0x00000000eab00000, 0x00000000ec900000, 0x0000000100000000)
  eden space 23552K, 89% used [0x00000000eab00000,0x00000000ebf7bd88,0x00000000ec200000)
  from space 3072K, 99% used [0x00000000ec500000,0x00000000ec7fa890,0x00000000ec800000)
  to   space 1024K, 0% used [0x00000000ec800000,0x00000000ec800000,0x00000000ec900000)
 ParOldGen       total 68608K, used 11703K [0x00000000c0000000, 0x00000000c4300000, 0x00000000eab00000)
  object space 68608K, 17% used [0x00000000c0000000,0x00000000c0b6dfb8,0x00000000c4300000)
 Metaspace       used 33442K, committed 34240K, reserved 1114112K
  class space    used 3373K, committed 3712K, reserved 1048576K

Card table byte_map: [0x0000026c8b6f0000,0x0000026c8b900000] _byte_map_base: 0x0000026c8b0f0000

Marking Bits: (ParMarkBitMap*) 0x00007ffc0564fbb0
 Begin Bits: [0x0000026ca2670000, 0x0000026ca3670000)
 End Bits:   [0x0000026ca3670000, 0x0000026ca4670000)

Polling page: 0x0000026c89cc0000

Metaspace:

Usage:
  Non-class:     29.36 MB used.
      Class:      3.29 MB used.
       Both:     32.66 MB used.

Virtual space:
  Non-class space:       64.00 MB reserved,      29.81 MB ( 47%) committed,  1 nodes.
      Class space:        1.00 GB reserved,       3.62 MB ( <1%) committed,  1 nodes.
             Both:        1.06 GB reserved,      33.44 MB (  3%) committed. 

Chunk freelists:
   Non-Class:  1.52 MB
       Class:  334.00 KB
        Both:  1.84 MB

MaxMetaspaceSize: unlimited
CompressedClassSpaceSize: 1.00 GB
Initial GC threshold: 21.00 MB
Current GC threshold: 35.00 MB
CDS: on
MetaspaceReclaimPolicy: balanced
 - commit_granule_bytes: 65536.
 - commit_granule_words: 8192.
 - virtual_space_node_default_size: 8388608.
 - enlarge_chunks_in_place: 1.
 - new_chunks_are_fully_committed: 0.
 - uncommit_free_chunks: 1.
 - use_allocation_guard: 0.


Internal statistics:

num_allocs_failed_limit: 3.
num_arena_births: 480.
num_arena_deaths: 14.
num_vsnodes_births: 2.
num_vsnodes_deaths: 0.
num_space_committed: 535.
num_space_uncommitted: 0.
num_chunks_returned_to_freelist: 17.
num_chunks_taken_from_freelist: 1825.
num_chunk_merges: 7.
num_chunk_splits: 1188.
num_chunks_enlarged: 755.
num_inconsistent_stats: 0.

CodeHeap 'non-profiled nmethods': size=119168Kb used=1915Kb max_used=1915Kb free=117252Kb
 bounds [0x0000026c9b210000, 0x0000026c9b480000, 0x0000026ca2670000]
CodeHeap 'profiled nmethods': size=119104Kb used=9094Kb max_used=9094Kb free=110009Kb
 bounds [0x0000026c93dc0000, 0x0000026c946b0000, 0x0000026c9b210000]
CodeHeap 'non-nmethods': size=7488Kb used=2970Kb max_used=3029Kb free=4517Kb
 bounds [0x0000026c93670000, 0x0000026c93970000, 0x0000026c93dc0000]
 total_blobs=4885 nmethods=4289 adapters=506
 compilation: enabled
              stopped_count=0, restarted_count=0
 full_count=0

Compilation events (20 events):
Event: 4.875 Thread 0x0000026c8bdfb210 nmethod 4278 0x0000026c94693090 code [0x0000026c94693240, 0x0000026c94693428]
Event: 4.875 Thread 0x0000026ca5e662c0 nmethod 4277 0x0000026c94693510 code [0x0000026c946936a0, 0x0000026c94693858]
Event: 4.875 Thread 0x0000026c8bdb2f10 nmethod 4275 0x0000026c94692410 code [0x0000026c94692640, 0x0000026c94692d98]
Event: 4.876 Thread 0x0000026c8bdb3410 nmethod 4276 0x0000026c94693910 code [0x0000026c94693b40, 0x0000026c946940a8]
Event: 4.878 Thread 0x0000026c8bdb2f10 4279       3       com.google.common.cache.LocalCache::recordsAccess (5 bytes)
Event: 4.878 Thread 0x0000026ca5e662c0 4280  s!   3       jdk.internal.loader.URLClassPath::getLoader (194 bytes)
Event: 4.878 Thread 0x0000026c8bdb3410 4281       3       com.google.inject.internal.AbstractBindingBuilder::checkNotTargetted (26 bytes)
Event: 4.878 Thread 0x0000026c8bdb2f10 nmethod 4279 0x0000026c94694390 code [0x0000026c94694520, 0x0000026c94694718]
Event: 4.878 Thread 0x0000026c8bdfb210 4282       3       com.google.common.collect.ImmutableSet::chooseTableSize (61 bytes)
Event: 4.880 Thread 0x0000026c8bdfb210 nmethod 4282 0x0000026c94696610 code [0x0000026c94696840, 0x0000026c94696e78]
Event: 4.881 Thread 0x0000026c8bdb3410 nmethod 4281 0x0000026c94697090 code [0x0000026c94697240, 0x0000026c946975c8]
Event: 4.881 Thread 0x0000026ca5e662c0 nmethod 4280 0x0000026c94694810 code [0x0000026c94694ae0, 0x0000026c94695ed8]
Event: 4.883 Thread 0x0000026c8bdb2f10 4283       3       sun.reflect.generics.reflectiveObjects.ParameterizedTypeImpl::getActualTypeArguments (11 bytes)
Event: 4.883 Thread 0x0000026ca5e662c0 4284       3       java.util.concurrent.atomic.AtomicReferenceArray::get (12 bytes)
Event: 4.883 Thread 0x0000026c8bdfb210 4285       3       java.lang.invoke.VarHandleGuards::guard_LI_L (89 bytes)
Event: 4.883 Thread 0x0000026c8bdb3410 4286       3       java.lang.invoke.VarHandleReferences$Array::getVolatile (49 bytes)
Event: 4.884 Thread 0x0000026c8bdb2f10 nmethod 4283 0x0000026c94697710 code [0x0000026c946978c0, 0x0000026c94697ba8]
Event: 4.884 Thread 0x0000026c8bdb3410 nmethod 4286 0x0000026c94697c90 code [0x0000026c94697e80, 0x0000026c94698418]
Event: 4.885 Thread 0x0000026ca5e662c0 nmethod 4284 0x0000026c94698690 code [0x0000026c94698900, 0x0000026c946995d8]
Event: 4.888 Thread 0x0000026c8bdfb210 nmethod 4285 0x0000026c94699990 code [0x0000026c94699d20, 0x0000026c9469bd08]

GC Heap History (20 events):
Event: 0.984 GC heap before
{Heap before GC invocations=1 (full 0):
 PSYoungGen      total 29696K, used 25600K [0x00000000eab00000, 0x00000000ecc00000, 0x0000000100000000)
  eden space 25600K, 100% used [0x00000000eab00000,0x00000000ec400000,0x00000000ec400000)
  from space 4096K, 0% used [0x00000000ec800000,0x00000000ec800000,0x00000000ecc00000)
  to   space 4096K, 0% used [0x00000000ec400000,0x00000000ec400000,0x00000000ec800000)
 ParOldGen       total 68608K, used 0K [0x00000000c0000000, 0x00000000c4300000, 0x00000000eab00000)
  object space 68608K, 0% used [0x00000000c0000000,0x00000000c0000000,0x00000000c4300000)
 Metaspace       used 4179K, committed 4416K, reserved 1114112K
  class space    used 380K, committed 512K, reserved 1048576K
}
Event: 0.994 GC heap after
{Heap after GC invocations=1 (full 0):
 PSYoungGen      total 29696K, used 3838K [0x00000000eab00000, 0x00000000ecc00000, 0x0000000100000000)
  eden space 25600K, 0% used [0x00000000eab00000,0x00000000eab00000,0x00000000ec400000)
  from space 4096K, 93% used [0x00000000ec400000,0x00000000ec7bf818,0x00000000ec800000)
  to   space 4096K, 0% used [0x00000000ec800000,0x00000000ec800000,0x00000000ecc00000)
 ParOldGen       total 68608K, used 16K [0x00000000c0000000, 0x00000000c4300000, 0x00000000eab00000)
  object space 68608K, 0% used [0x00000000c0000000,0x00000000c0004000,0x00000000c4300000)
 Metaspace       used 4179K, committed 4416K, reserved 1114112K
  class space    used 380K, committed 512K, reserved 1048576K
}
Event: 1.636 GC heap before
{Heap before GC invocations=2 (full 0):
 PSYoungGen      total 29696K, used 29438K [0x00000000eab00000, 0x00000000ecc00000, 0x0000000100000000)
  eden space 25600K, 100% used [0x00000000eab00000,0x00000000ec400000,0x00000000ec400000)
  from space 4096K, 93% used [0x00000000ec400000,0x00000000ec7bf818,0x00000000ec800000)
  to   space 4096K, 0% used [0x00000000ec800000,0x00000000ec800000,0x00000000ecc00000)
 ParOldGen       total 68608K, used 16K [0x00000000c0000000, 0x00000000c4300000, 0x00000000eab00000)
  object space 68608K, 0% used [0x00000000c0000000,0x00000000c0004000,0x00000000c4300000)
 Metaspace       used 7989K, committed 8320K, reserved 1114112K
  class space    used 754K, committed 896K, reserved 1048576K
}
Event: 1.643 GC heap after
{Heap after GC invocations=2 (full 0):
 PSYoungGen      total 29696K, used 4067K [0x00000000eab00000, 0x00000000ecc00000, 0x0000000100000000)
  eden space 25600K, 0% used [0x00000000eab00000,0x00000000eab00000,0x00000000ec400000)
  from space 4096K, 99% used [0x00000000ec800000,0x00000000ecbf8d18,0x00000000ecc00000)
  to   space 4096K, 0% used [0x00000000ec400000,0x00000000ec400000,0x00000000ec800000)
 ParOldGen       total 68608K, used 2036K [0x00000000c0000000, 0x00000000c4300000, 0x00000000eab00000)
  object space 68608K, 2% used [0x00000000c0000000,0x00000000c01fd398,0x00000000c4300000)
 Metaspace       used 7989K, committed 8320K, reserved 1114112K
  class space    used 754K, committed 896K, reserved 1048576K
}
Event: 2.116 GC heap before
{Heap before GC invocations=3 (full 0):
 PSYoungGen      total 29696K, used 29667K [0x00000000eab00000, 0x00000000ecc00000, 0x0000000100000000)
  eden space 25600K, 100% used [0x00000000eab00000,0x00000000ec400000,0x00000000ec400000)
  from space 4096K, 99% used [0x00000000ec800000,0x00000000ecbf8d18,0x00000000ecc00000)
  to   space 4096K, 0% used [0x00000000ec400000,0x00000000ec400000,0x00000000ec800000)
 ParOldGen       total 68608K, used 2036K [0x00000000c0000000, 0x00000000c4300000, 0x00000000eab00000)
  object space 68608K, 2% used [0x00000000c0000000,0x00000000c01fd398,0x00000000c4300000)
 Metaspace       used 11508K, committed 11840K, reserved 1114112K
  class space    used 1093K, committed 1216K, reserved 1048576K
}
Event: 2.123 GC heap after
{Heap after GC invocations=3 (full 0):
 PSYoungGen      total 29696K, used 4085K [0x00000000eab00000, 0x00000000ecc00000, 0x0000000100000000)
  eden space 25600K, 0% used [0x00000000eab00000,0x00000000eab00000,0x00000000ec400000)
  from space 4096K, 99% used [0x00000000ec400000,0x00000000ec7fd4e8,0x00000000ec800000)
  to   space 4096K, 0% used [0x00000000ec800000,0x00000000ec800000,0x00000000ecc00000)
 ParOldGen       total 68608K, used 5716K [0x00000000c0000000, 0x00000000c4300000, 0x00000000eab00000)
  object space 68608K, 8% used [0x00000000c0000000,0x00000000c0595390,0x00000000c4300000)
 Metaspace       used 11508K, committed 11840K, reserved 1114112K
  class space    used 1093K, committed 1216K, reserved 1048576K
}
Event: 2.597 GC heap before
{Heap before GC invocations=4 (full 0):
 PSYoungGen      total 29696K, used 29685K [0x00000000eab00000, 0x00000000ecc00000, 0x0000000100000000)
  eden space 25600K, 100% used [0x00000000eab00000,0x00000000ec400000,0x00000000ec400000)
  from space 4096K, 99% used [0x00000000ec400000,0x00000000ec7fd4e8,0x00000000ec800000)
  to   space 4096K, 0% used [0x00000000ec800000,0x00000000ec800000,0x00000000ecc00000)
 ParOldGen       total 68608K, used 5716K [0x00000000c0000000, 0x00000000c4300000, 0x00000000eab00000)
  object space 68608K, 8% used [0x00000000c0000000,0x00000000c0595390,0x00000000c4300000)
 Metaspace       used 15305K, committed 15872K, reserved 1114112K
  class space    used 1472K, committed 1728K, reserved 1048576K
}
Event: 2.601 GC heap after
{Heap after GC invocations=4 (full 0):
 PSYoungGen      total 29696K, used 4090K [0x00000000eab00000, 0x00000000ecc00000, 0x0000000100000000)
  eden space 25600K, 0% used [0x00000000eab00000,0x00000000eab00000,0x00000000ec400000)
  from space 4096K, 99% used [0x00000000ec800000,0x00000000ecbfe860,0x00000000ecc00000)
  to   space 4096K, 0% used [0x00000000ec400000,0x00000000ec400000,0x00000000ec800000)
 ParOldGen       total 68608K, used 6527K [0x00000000c0000000, 0x00000000c4300000, 0x00000000eab00000)
  object space 68608K, 9% used [0x00000000c0000000,0x00000000c065ff60,0x00000000c4300000)
 Metaspace       used 15305K, committed 15872K, reserved 1114112K
  class space    used 1472K, committed 1728K, reserved 1048576K
}
Event: 2.929 GC heap before
{Heap before GC invocations=5 (full 0):
 PSYoungGen      total 29696K, used 29690K [0x00000000eab00000, 0x00000000ecc00000, 0x0000000100000000)
  eden space 25600K, 100% used [0x00000000eab00000,0x00000000ec400000,0x00000000ec400000)
  from space 4096K, 99% used [0x00000000ec800000,0x00000000ecbfe860,0x00000000ecc00000)
  to   space 4096K, 0% used [0x00000000ec400000,0x00000000ec400000,0x00000000ec800000)
 ParOldGen       total 68608K, used 6527K [0x00000000c0000000, 0x00000000c4300000, 0x00000000eab00000)
  object space 68608K, 9% used [0x00000000c0000000,0x00000000c065ff60,0x00000000c4300000)
 Metaspace       used 18238K, committed 18944K, reserved 1114112K
  class space    used 1775K, committed 2112K, reserved 1048576K
}
Event: 2.933 GC heap after
{Heap after GC invocations=5 (full 0):
 PSYoungGen      total 29184K, used 4077K [0x00000000eab00000, 0x00000000ed180000, 0x0000000100000000)
  eden space 25088K, 0% used [0x00000000eab00000,0x00000000eab00000,0x00000000ec380000)
  from space 4096K, 99% used [0x00000000ec400000,0x00000000ec7fb7e8,0x00000000ec800000)
  to   space 7168K, 0% used [0x00000000eca80000,0x00000000eca80000,0x00000000ed180000)
 ParOldGen       total 68608K, used 8916K [0x00000000c0000000, 0x00000000c4300000, 0x00000000eab00000)
  object space 68608K, 12% used [0x00000000c0000000,0x00000000c08b5218,0x00000000c4300000)
 Metaspace       used 18238K, committed 18944K, reserved 1114112K
  class space    used 1775K, committed 2112K, reserved 1048576K
}
Event: 3.100 GC heap before
{Heap before GC invocations=6 (full 0):
 PSYoungGen      total 29184K, used 22015K [0x00000000eab00000, 0x00000000ed180000, 0x0000000100000000)
  eden space 25088K, 71% used [0x00000000eab00000,0x00000000ebc845e0,0x00000000ec380000)
  from space 4096K, 99% used [0x00000000ec400000,0x00000000ec7fb7e8,0x00000000ec800000)
  to   space 7168K, 0% used [0x00000000eca80000,0x00000000eca80000,0x00000000ed180000)
 ParOldGen       total 68608K, used 8916K [0x00000000c0000000, 0x00000000c4300000, 0x00000000eab00000)
  object space 68608K, 12% used [0x00000000c0000000,0x00000000c08b5218,0x00000000c4300000)
 Metaspace       used 20844K, committed 21504K, reserved 1114112K
  class space    used 1951K, committed 2304K, reserved 1048576K
}
Event: 3.102 GC heap after
{Heap after GC invocations=6 (full 0):
 PSYoungGen      total 29696K, used 4339K [0x00000000eab00000, 0x00000000ecf00000, 0x0000000100000000)
  eden space 25088K, 0% used [0x00000000eab00000,0x00000000eab00000,0x00000000ec380000)
  from space 4608K, 94% used [0x00000000eca80000,0x00000000ecebcdd8,0x00000000ecf00000)
  to   space 5632K, 0% used [0x00000000ec400000,0x00000000ec400000,0x00000000ec980000)
 ParOldGen       total 68608K, used 8924K [0x00000000c0000000, 0x00000000c4300000, 0x00000000eab00000)
  object space 68608K, 13% used [0x00000000c0000000,0x00000000c08b7218,0x00000000c4300000)
 Metaspace       used 20844K, committed 21504K, reserved 1114112K
  class space    used 1951K, committed 2304K, reserved 1048576K
}
Event: 3.102 GC heap before
{Heap before GC invocations=7 (full 1):
 PSYoungGen      total 29696K, used 4339K [0x00000000eab00000, 0x00000000ecf00000, 0x0000000100000000)
  eden space 25088K, 0% used [0x00000000eab00000,0x00000000eab00000,0x00000000ec380000)
  from space 4608K, 94% used [0x00000000eca80000,0x00000000ecebcdd8,0x00000000ecf00000)
  to   space 5632K, 0% used [0x00000000ec400000,0x00000000ec400000,0x00000000ec980000)
 ParOldGen       total 68608K, used 8924K [0x00000000c0000000, 0x00000000c4300000, 0x00000000eab00000)
  object space 68608K, 13% used [0x00000000c0000000,0x00000000c08b7218,0x00000000c4300000)
 Metaspace       used 20844K, committed 21504K, reserved 1114112K
  class space    used 1951K, committed 2304K, reserved 1048576K
}
Event: 3.130 GC heap after
{Heap after GC invocations=7 (full 1):
 PSYoungGen      total 29696K, used 0K [0x00000000eab00000, 0x00000000ecf00000, 0x0000000100000000)
  eden space 25088K, 0% used [0x00000000eab00000,0x00000000eab00000,0x00000000ec380000)
  from space 4608K, 0% used [0x00000000eca80000,0x00000000eca80000,0x00000000ecf00000)
  to   space 5632K, 0% used [0x00000000ec400000,0x00000000ec400000,0x00000000ec980000)
 ParOldGen       total 68608K, used 11613K [0x00000000c0000000, 0x00000000c4300000, 0x00000000eab00000)
  object space 68608K, 16% used [0x00000000c0000000,0x00000000c0b57418,0x00000000c4300000)
 Metaspace       used 20831K, committed 21504K, reserved 1114112K
  class space    used 1948K, committed 2304K, reserved 1048576K
}
Event: 3.497 GC heap before
{Heap before GC invocations=8 (full 1):
 PSYoungGen      total 29696K, used 25088K [0x00000000eab00000, 0x00000000ecf00000, 0x0000000100000000)
  eden space 25088K, 100% used [0x00000000eab00000,0x00000000ec380000,0x00000000ec380000)
  from space 4608K, 0% used [0x00000000eca80000,0x00000000eca80000,0x00000000ecf00000)
  to   space 5632K, 0% used [0x00000000ec400000,0x00000000ec400000,0x00000000ec980000)
 ParOldGen       total 68608K, used 11613K [0x00000000c0000000, 0x00000000c4300000, 0x00000000eab00000)
  object space 68608K, 16% used [0x00000000c0000000,0x00000000c0b57418,0x00000000c4300000)
 Metaspace       used 23803K, committed 24512K, reserved 1114112K
  class space    used 2198K, committed 2496K, reserved 1048576K
}
Event: 3.499 GC heap after
{Heap after GC invocations=8 (full 1):
 PSYoungGen      total 26112K, used 1147K [0x00000000eab00000, 0x00000000ecb00000, 0x0000000100000000)
  eden space 24576K, 0% used [0x00000000eab00000,0x00000000eab00000,0x00000000ec300000)
  from space 1536K, 74% used [0x00000000ec400000,0x00000000ec51ec78,0x00000000ec580000)
  to   space 2560K, 0% used [0x00000000ec880000,0x00000000ec880000,0x00000000ecb00000)
 ParOldGen       total 68608K, used 11621K [0x00000000c0000000, 0x00000000c4300000, 0x00000000eab00000)
  object space 68608K, 16% used [0x00000000c0000000,0x00000000c0b59418,0x00000000c4300000)
 Metaspace       used 23803K, committed 24512K, reserved 1114112K
  class space    used 2198K, committed 2496K, reserved 1048576K
}
Event: 4.047 GC heap before
{Heap before GC invocations=9 (full 1):
 PSYoungGen      total 26112K, used 25721K [0x00000000eab00000, 0x00000000ecb00000, 0x0000000100000000)
  eden space 24576K, 99% used [0x00000000eab00000,0x00000000ec2ff898,0x00000000ec300000)
  from space 1536K, 74% used [0x00000000ec400000,0x00000000ec51ec78,0x00000000ec580000)
  to   space 2560K, 0% used [0x00000000ec880000,0x00000000ec880000,0x00000000ecb00000)
 ParOldGen       total 68608K, used 11621K [0x00000000c0000000, 0x00000000c4300000, 0x00000000eab00000)
  object space 68608K, 16% used [0x00000000c0000000,0x00000000c0b59418,0x00000000c4300000)
 Metaspace       used 28148K, committed 28992K, reserved 1114112K
  class space    used 2700K, committed 3072K, reserved 1048576K
}
Event: 4.049 GC heap after
{Heap after GC invocations=9 (full 1):
 PSYoungGen      total 26624K, used 2335K [0x00000000eab00000, 0x00000000ecb00000, 0x0000000100000000)
  eden space 24064K, 0% used [0x00000000eab00000,0x00000000eab00000,0x00000000ec280000)
  from space 2560K, 91% used [0x00000000ec880000,0x00000000ecac7fd0,0x00000000ecb00000)
  to   space 3072K, 0% used [0x00000000ec500000,0x00000000ec500000,0x00000000ec800000)
 ParOldGen       total 68608K, used 11629K [0x00000000c0000000, 0x00000000c4300000, 0x00000000eab00000)
  object space 68608K, 16% used [0x00000000c0000000,0x00000000c0b5b418,0x00000000c4300000)
 Metaspace       used 28148K, committed 28992K, reserved 1114112K
  class space    used 2700K, committed 3072K, reserved 1048576K
}
Event: 4.402 GC heap before
{Heap before GC invocations=10 (full 1):
 PSYoungGen      total 26624K, used 26399K [0x00000000eab00000, 0x00000000ecb00000, 0x0000000100000000)
  eden space 24064K, 100% used [0x00000000eab00000,0x00000000ec280000,0x00000000ec280000)
  from space 2560K, 91% used [0x00000000ec880000,0x00000000ecac7fd0,0x00000000ecb00000)
  to   space 3072K, 0% used [0x00000000ec500000,0x00000000ec500000,0x00000000ec800000)
 ParOldGen       total 68608K, used 11629K [0x00000000c0000000, 0x00000000c4300000, 0x00000000eab00000)
  object space 68608K, 16% used [0x00000000c0000000,0x00000000c0b5b418,0x00000000c4300000)
 Metaspace       used 30961K, committed 31872K, reserved 1114112K
  class space    used 3081K, committed 3520K, reserved 1048576K
}
Event: 4.406 GC heap after
{Heap after GC invocations=10 (full 1):
 PSYoungGen      total 26624K, used 3050K [0x00000000eab00000, 0x00000000ec900000, 0x0000000100000000)
  eden space 23552K, 0% used [0x00000000eab00000,0x00000000eab00000,0x00000000ec200000)
  from space 3072K, 99% used [0x00000000ec500000,0x00000000ec7fa890,0x00000000ec800000)
  to   space 1024K, 0% used [0x00000000ec800000,0x00000000ec800000,0x00000000ec900000)
 ParOldGen       total 68608K, used 11703K [0x00000000c0000000, 0x00000000c4300000, 0x00000000eab00000)
  object space 68608K, 17% used [0x00000000c0000000,0x00000000c0b6dfb8,0x00000000c4300000)
 Metaspace       used 30961K, committed 31872K, reserved 1114112K
  class space    used 3081K, committed 3520K, reserved 1048576K
}

Deoptimization events (20 events):
Event: 4.488 Thread 0x0000026cac7ea8e0 Uncommon trap: trap_request=0xffffffde fr.pc=0x0000026c9b343b34 relative=0x0000000000000094
Event: 4.488 Thread 0x0000026cac7ea8e0 Uncommon trap: reason=class_check action=maybe_recompile pc=0x0000026c9b343b34 method=java.util.regex.Pattern.lambda$negate$7(Ljava/util/regex/Pattern$CharPredicate;I)Z @ 2 c2
Event: 4.489 Thread 0x0000026cac7ea8e0 DEOPT PACKING pc=0x0000026c9b343b34 sp=0x000000d9ba6fe630
Event: 4.489 Thread 0x0000026cac7ea8e0 DEOPT UNPACKING pc=0x0000026c936c20a3 sp=0x000000d9ba6fe550 mode 2
Event: 4.489 Thread 0x0000026cac7ea8e0 Uncommon trap: trap_request=0xffffffde fr.pc=0x0000026c9b343b34 relative=0x0000000000000094
Event: 4.489 Thread 0x0000026cac7ea8e0 Uncommon trap: reason=class_check action=maybe_recompile pc=0x0000026c9b343b34 method=java.util.regex.Pattern.lambda$negate$7(Ljava/util/regex/Pattern$CharPredicate;I)Z @ 2 c2
Event: 4.489 Thread 0x0000026cac7ea8e0 DEOPT PACKING pc=0x0000026c9b343b34 sp=0x000000d9ba6fe630
Event: 4.489 Thread 0x0000026cac7ea8e0 DEOPT UNPACKING pc=0x0000026c936c20a3 sp=0x000000d9ba6fe550 mode 2
Event: 4.489 Thread 0x0000026cac7ea8e0 Uncommon trap: trap_request=0xffffffde fr.pc=0x0000026c9b343b34 relative=0x0000000000000094
Event: 4.490 Thread 0x0000026cac7ea8e0 Uncommon trap: reason=class_check action=maybe_recompile pc=0x0000026c9b343b34 method=java.util.regex.Pattern.lambda$negate$7(Ljava/util/regex/Pattern$CharPredicate;I)Z @ 2 c2
Event: 4.490 Thread 0x0000026cac7ea8e0 DEOPT PACKING pc=0x0000026c9b343b34 sp=0x000000d9ba6fe630
Event: 4.490 Thread 0x0000026cac7ea8e0 DEOPT UNPACKING pc=0x0000026c936c20a3 sp=0x000000d9ba6fe550 mode 2
Event: 4.490 Thread 0x0000026cac7ea8e0 Uncommon trap: trap_request=0xffffffde fr.pc=0x0000026c9b343b34 relative=0x0000000000000094
Event: 4.490 Thread 0x0000026cac7ea8e0 Uncommon trap: reason=class_check action=maybe_recompile pc=0x0000026c9b343b34 method=java.util.regex.Pattern.lambda$negate$7(Ljava/util/regex/Pattern$CharPredicate;I)Z @ 2 c2
Event: 4.490 Thread 0x0000026cac7ea8e0 DEOPT PACKING pc=0x0000026c9b343b34 sp=0x000000d9ba6fe630
Event: 4.490 Thread 0x0000026cac7ea8e0 DEOPT UNPACKING pc=0x0000026c936c20a3 sp=0x000000d9ba6fe550 mode 2
Event: 4.683 Thread 0x0000026cac7ecf60 Uncommon trap: trap_request=0xffffff45 fr.pc=0x0000026c9b2958c4 relative=0x0000000000000224
Event: 4.683 Thread 0x0000026cac7ecf60 Uncommon trap: reason=unstable_if action=reinterpret pc=0x0000026c9b2958c4 method=java.net.URI$Parser.scan(IIJJ)I @ 42 c2
Event: 4.683 Thread 0x0000026cac7ecf60 DEOPT PACKING pc=0x0000026c9b2958c4 sp=0x000000d9bb2fe6a0
Event: 4.683 Thread 0x0000026cac7ecf60 DEOPT UNPACKING pc=0x0000026c936c20a3 sp=0x000000d9bb2fe620 mode 2

Classes loaded (20 events):
Event: 4.731 Loading class java/nio/channels/Channels
Event: 4.731 Loading class java/nio/channels/Channels done
Event: 4.731 Loading class sun/nio/ch/ChannelOutputStream
Event: 4.732 Loading class sun/nio/ch/ChannelOutputStream done
Event: 4.732 Loading class java/nio/channels/SelectableChannel
Event: 4.732 Loading class java/nio/channels/SelectableChannel done
Event: 4.732 Loading class sun/nio/ch/Util
Event: 4.732 Loading class sun/nio/ch/Util done
Event: 4.732 Loading class sun/nio/ch/Util$1
Event: 4.732 Loading class sun/nio/ch/Util$1 done
Event: 4.732 Loading class sun/nio/ch/Util$BufferCache
Event: 4.733 Loading class sun/nio/ch/Util$BufferCache done
Event: 4.733 Loading class java/nio/DirectByteBuffer$Deallocator
Event: 4.733 Loading class java/nio/DirectByteBuffer$Deallocator done
Event: 4.733 Loading class sun/nio/ch/IOStatus
Event: 4.734 Loading class sun/nio/ch/IOStatus done
Event: 4.734 Loading class java/nio/file/StandardCopyOption
Event: 4.734 Loading class java/nio/file/StandardCopyOption done
Event: 4.734 Loading class sun/nio/fs/WindowsFileCopy
Event: 4.734 Loading class sun/nio/fs/WindowsFileCopy done

Classes unloaded (7 events):
Event: 3.106 Thread 0x0000026ca4853e30 Unloading class 0x0000000800d95000 'java/lang/invoke/LambdaForm$MH+0x0000000800d95000'
Event: 3.106 Thread 0x0000026ca4853e30 Unloading class 0x0000000800d94c00 'java/lang/invoke/LambdaForm$MH+0x0000000800d94c00'
Event: 3.106 Thread 0x0000026ca4853e30 Unloading class 0x0000000800d94800 'java/lang/invoke/LambdaForm$MH+0x0000000800d94800'
Event: 3.106 Thread 0x0000026ca4853e30 Unloading class 0x0000000800d94400 'java/lang/invoke/LambdaForm$MH+0x0000000800d94400'
Event: 3.106 Thread 0x0000026ca4853e30 Unloading class 0x0000000800d94000 'java/lang/invoke/LambdaForm$BMH+0x0000000800d94000'
Event: 3.106 Thread 0x0000026ca4853e30 Unloading class 0x0000000800d93c00 'java/lang/invoke/LambdaForm$DMH+0x0000000800d93c00'
Event: 3.106 Thread 0x0000026ca4853e30 Unloading class 0x0000000800d92c00 'java/lang/invoke/LambdaForm$DMH+0x0000000800d92c00'

Classes redefined (0 events):
No events

Internal exceptions (20 events):
Event: 3.507 Thread 0x0000026cac4afe80 Exception <a 'java/lang/NoSuchMethodError'{0x00000000eab96e88}: 'java.lang.Object java.lang.invoke.DirectMethodHandle$Holder.invokeStaticInit(java.lang.Object, java.lang.Object, int, int, int, int)'> (0x00000000eab96e88) 
thrown [s\open\src\hotspot\share\interpreter\linkResolver.cpp, line 759]
Event: 3.643 Thread 0x0000026cac4afe80 Exception <a 'java/lang/ClassNotFoundException'{0x00000000eaf24e08}: com/sun/org/apache/xml/internal/serializer/spi/XMLEntitiesProvider> (0x00000000eaf24e08) 
thrown [s\open\src\hotspot\share\classfile\systemDictionary.cpp, line 255]
Event: 3.751 Thread 0x0000026cac4afe80 Exception <a 'java/io/FileNotFoundException'{0x00000000eb21b760}> (0x00000000eb21b760) 
thrown [s\open\src\hotspot\share\prims\jni.cpp, line 516]
Event: 3.820 Thread 0x0000026cac4afe80 Exception <a 'java/lang/UnsatisfiedLinkError'{0x00000000eb4b45f8}: The specified procedure could not be found.
> (0x00000000eb4b45f8) 
thrown [s\open\src\hotspot\share\prims\jni.cpp, line 535]
Event: 3.825 Thread 0x0000026cac4afe80 Exception <a 'java/io/FileNotFoundException'{0x00000000eb4d5f68}> (0x00000000eb4d5f68) 
thrown [s\open\src\hotspot\share\prims\jni.cpp, line 516]
Event: 3.833 Thread 0x0000026cac4afe80 Exception <a 'java/io/FileNotFoundException'{0x00000000eb550530}> (0x00000000eb550530) 
thrown [s\open\src\hotspot\share\prims\jni.cpp, line 516]
Event: 3.837 Thread 0x0000026cac7eca90 Exception <a 'java/lang/NoSuchMethodError'{0x00000000eabdb2b8}: 'void java.lang.invoke.DirectMethodHandle$Holder.invokeStatic(java.lang.Object, java.lang.Object, java.lang.Object, java.lang.Object)'> (0x00000000eabdb2b8) 
thrown [s\open\src\hotspot\share\interpreter\linkResolver.cpp, line 759]
Event: 3.848 Thread 0x0000026cac4afe80 Exception <a 'java/lang/NoSuchMethodError'{0x00000000eb639bc0}: 'void java.lang.invoke.DelegatingMethodHandle$Holder.reinvoke_L(java.lang.Object, java.lang.Object, int)'> (0x00000000eb639bc0) 
thrown [s\open\src\hotspot\share\interpreter\linkResolver.cpp, line 759]
Event: 3.850 Thread 0x0000026cac4afe80 Exception <a 'java/lang/NoSuchMethodError'{0x00000000eb640b58}: 'int java.lang.invoke.Invokers$Holder.invokeExact_MT(java.lang.Object, java.lang.Object, java.lang.Object)'> (0x00000000eb640b58) 
thrown [s\open\src\hotspot\share\interpreter\linkResolver.cpp, line 759]
Event: 3.855 Thread 0x0000026cac4afe80 Exception <a 'java/lang/UnsatisfiedLinkError'{0x00000000eb64dab0}: The specified procedure could not be found.
> (0x00000000eb64dab0) 
thrown [s\open\src\hotspot\share\prims\jni.cpp, line 535]
Event: 3.862 Thread 0x0000026cac4afe80 Exception <a 'java/lang/NoSuchMethodError'{0x00000000eb6587e8}: 'void java.lang.invoke.Invokers$Holder.invokeExact_MT(java.lang.Object, java.lang.Object, int, java.lang.Object)'> (0x00000000eb6587e8) 
thrown [s\open\src\hotspot\share\interpreter\linkResolver.cpp, line 759]
Event: 3.943 Thread 0x0000026c8bd49450 Exception <a 'java/lang/NoSuchMethodError'{0x00000000ebc6aaa8}: 'java.lang.Object java.lang.invoke.DirectMethodHandle$Holder.invokeStatic(java.lang.Object, java.lang.Object, long, java.lang.Object)'> (0x00000000ebc6aaa8) 
thrown [s\open\src\hotspot\share\interpreter\linkResolver.cpp, line 759]
Event: 3.943 Thread 0x0000026c8bd49450 Exception <a 'java/lang/NoSuchMethodError'{0x00000000ebc84950}: 'java.lang.Object java.lang.invoke.DirectMethodHandle$Holder.invokeStaticInit(java.lang.Object, java.lang.Object, long, java.lang.Object)'> (0x00000000ebc84950) 
thrown [s\open\src\hotspot\share\interpreter\linkResolver.cpp, line 759]
Event: 3.944 Thread 0x0000026c8bd49450 Exception <a 'java/lang/NoSuchMethodError'{0x00000000ebc8af60}: 'java.lang.Object java.lang.invoke.DirectMethodHandle$Holder.newInvokeSpecial(java.lang.Object, java.lang.Object, long)'> (0x00000000ebc8af60) 
thrown [s\open\src\hotspot\share\interpreter\linkResolver.cpp, line 759]
Event: 3.945 Thread 0x0000026c8bd49450 Exception <a 'java/lang/NoSuchMethodError'{0x00000000ebc8e9a8}: 'java.lang.Object java.lang.invoke.Invokers$Holder.linkToTargetMethod(java.lang.Object, long, java.lang.Object)'> (0x00000000ebc8e9a8) 
thrown [s\open\src\hotspot\share\interpreter\linkResolver.cpp, line 759]
Event: 4.268 Thread 0x0000026cac7ea8e0 Exception <a 'java/lang/NoClassDefFoundError'{0x00000000eb965990}: javax/enterprise/inject/Typed> (0x00000000eb965990) 
thrown [s\open\src\hotspot\share\classfile\systemDictionary.cpp, line 244]
Event: 4.276 Thread 0x0000026c8bd49450 Exception <a 'java/lang/NoSuchMethodError'{0x00000000eba01d90}: 'void java.lang.invoke.DirectMethodHandle$Holder.invokeSpecial(java.lang.Object, java.lang.Object, java.lang.Object, java.lang.Object, java.lang.Object, java.lang.Object)'> (0x00000000eba01d90) 
thrown [s\open\src\hotspot\share\interpreter\linkResolver.cpp, line 759]
Event: 4.651 Thread 0x0000026cac7ecf60 Exception <a 'java/lang/NoSuchMethodError'{0x00000000eb3952d8}: 'java.lang.Object java.lang.invoke.DirectMethodHandle$Holder.invokeInterface(java.lang.Object, java.lang.Object, java.lang.Object)'> (0x00000000eb3952d8) 
thrown [s\open\src\hotspot\share\interpreter\linkResolver.cpp, line 759]
Event: 4.686 Thread 0x0000026cac7ecf60 Exception <a 'java/io/FileNotFoundException'{0x00000000eb5665e0}> (0x00000000eb5665e0) 
thrown [s\open\src\hotspot\share\prims\jni.cpp, line 516]
Event: 4.700 Thread 0x0000026cac7ecf60 Exception <a 'sun/nio/fs/WindowsException'{0x00000000eb5e0c80}> (0x00000000eb5e0c80) 
thrown [s\open\src\hotspot\share\prims\jni.cpp, line 516]

VM Operations (20 events):
Event: 3.658 Executing VM operation: HandshakeAllThreads
Event: 3.659 Executing VM operation: HandshakeAllThreads done
Event: 3.805 Executing VM operation: HandshakeAllThreads
Event: 3.805 Executing VM operation: HandshakeAllThreads done
Event: 3.846 Executing VM operation: HandshakeAllThreads
Event: 3.846 Executing VM operation: HandshakeAllThreads done
Event: 3.915 Executing VM operation: HandshakeAllThreads
Event: 3.915 Executing VM operation: HandshakeAllThreads done
Event: 4.047 Executing VM operation: ParallelGCFailedAllocation
Event: 4.049 Executing VM operation: ParallelGCFailedAllocation done
Event: 4.230 Executing VM operation: HandshakeAllThreads
Event: 4.230 Executing VM operation: HandshakeAllThreads done
Event: 4.397 Executing VM operation: ParallelGCFailedAllocation
Event: 4.407 Executing VM operation: ParallelGCFailedAllocation done
Event: 4.665 Executing VM operation: HandshakeAllThreads
Event: 4.668 Executing VM operation: HandshakeAllThreads done
Event: 4.845 Executing VM operation: HandshakeAllThreads
Event: 4.845 Executing VM operation: HandshakeAllThreads done
Event: 4.864 Executing VM operation: HandshakeAllThreads
Event: 4.864 Executing VM operation: HandshakeAllThreads done

Events (20 events):
Event: 1.972 Thread 0x0000026cacaf0e20 Thread added: 0x0000026cacaf0e20
Event: 2.044 Thread 0x0000026cacc43d90 Thread added: 0x0000026cacc43d90
Event: 2.253 Thread 0x0000026cac7eb750 Thread added: 0x0000026cac7eb750
Event: 2.506 Thread 0x0000026cac7eca90 Thread added: 0x0000026cac7eca90
Event: 2.521 Thread 0x0000026cac7e9f40 Thread added: 0x0000026cac7e9f40
Event: 2.679 Thread 0x0000026cac980370 Thread added: 0x0000026cac980370
Event: 2.722 Thread 0x0000026cac7ea8e0 Thread added: 0x0000026cac7ea8e0
Event: 3.080 Thread 0x0000026cac980370 Thread exited: 0x0000026cac980370
Event: 3.357 Thread 0x0000026cac7ed900 Thread added: 0x0000026cac7ed900
Event: 3.784 Loaded shared library C:\Users\Alex_Carl\AppData\Local\Temp\jna-693416089\jna4843746463652852443.dll
Event: 3.810 Thread 0x0000026cac7eadb0 Thread added: 0x0000026cac7eadb0
Event: 3.836 Thread 0x0000026cac7ed430 Thread added: 0x0000026cac7ed430
Event: 3.989 Thread 0x0000026cac7eb280 Thread added: 0x0000026cac7eb280
Event: 4.285 Thread 0x0000026cad97f6c0 Thread added: 0x0000026cad97f6c0
Event: 4.306 Thread 0x0000026caef21db0 Thread added: 0x0000026caef21db0
Event: 4.306 Thread 0x0000026cad733390 Thread added: 0x0000026cad733390
Event: 4.317 Thread 0x0000026cad634db0 Thread added: 0x0000026cad634db0
Event: 4.318 Thread 0x0000026cae380f10 Thread added: 0x0000026cae380f10
Event: 4.347 Thread 0x0000026cac7ecf60 Thread added: 0x0000026cac7ecf60
Event: 4.878 Thread 0x0000026cae380f10 Thread exited: 0x0000026cae380f10


Dynamic libraries:
0x00007ff6ad9f0000 - 0x00007ff6ada00000 	C:\Program Files\Java\jdk-18.0.2.1\bin\java.exe
0x00007ffc8b170000 - 0x00007ffc8b384000 	C:\WINDOWS\SYSTEM32\ntdll.dll
0x00007ffc89fb0000 - 0x00007ffc8a073000 	C:\WINDOWS\System32\KERNEL32.DLL
0x00007ffc88950000 - 0x00007ffc88cec000 	C:\WINDOWS\System32\KERNELBASE.dll
0x00007ffc88cf0000 - 0x00007ffc88e01000 	C:\WINDOWS\System32\ucrtbase.dll
0x00007ffc748e0000 - 0x00007ffc748fa000 	C:\Program Files\Java\jdk-18.0.2.1\bin\VCRUNTIME140.dll
0x00007ffc77de0000 - 0x00007ffc77df8000 	C:\Program Files\Java\jdk-18.0.2.1\bin\jli.dll
0x00007ffc899d0000 - 0x00007ffc89a7e000 	C:\WINDOWS\System32\ADVAPI32.dll
0x00007ffc89d90000 - 0x00007ffc89e37000 	C:\WINDOWS\System32\msvcrt.dll
0x00007ffc89e40000 - 0x00007ffc89ee4000 	C:\WINDOWS\System32\sechost.dll
0x00007ffc8acb0000 - 0x00007ffc8adc5000 	C:\WINDOWS\System32\RPCRT4.dll
0x00007ffc89bd0000 - 0x00007ffc89d7d000 	C:\WINDOWS\System32\USER32.dll
0x00007ffc6be80000 - 0x00007ffc6c10e000 	C:\WINDOWS\WinSxS\amd64_microsoft.windows.common-controls_6595b64144ccf1df_6.0.22621.436_none_a94247dbc10d8414\COMCTL32.dll
0x00007ffc88ed0000 - 0x00007ffc88ef6000 	C:\WINDOWS\System32\win32u.dll
0x00007ffc8ac70000 - 0x00007ffc8ac99000 	C:\WINDOWS\System32\GDI32.dll
0x00007ffc885b0000 - 0x00007ffc886c3000 	C:\WINDOWS\System32\gdi32full.dll
0x00007ffc888b0000 - 0x00007ffc8894a000 	C:\WINDOWS\System32\msvcp_win.dll
0x00007ffc80380000 - 0x00007ffc8038a000 	C:\WINDOWS\SYSTEM32\VERSION.dll
0x00007ffc89f70000 - 0x00007ffc89fa1000 	C:\WINDOWS\System32\IMM32.DLL
0x00007ffc79850000 - 0x00007ffc7985c000 	C:\Program Files\Java\jdk-18.0.2.1\bin\vcruntime140_1.dll
0x00007ffc3ef40000 - 0x00007ffc3efcd000 	C:\Program Files\Java\jdk-18.0.2.1\bin\msvcp140.dll
0x00007ffc04b00000 - 0x00007ffc05711000 	C:\Program Files\Java\jdk-18.0.2.1\bin\server\jvm.dll
0x00007ffc89d80000 - 0x00007ffc89d88000 	C:\WINDOWS\System32\PSAPI.DLL
0x00007ffc75260000 - 0x00007ffc75269000 	C:\WINDOWS\SYSTEM32\WSOCK32.dll
0x00007ffc89350000 - 0x00007ffc893c1000 	C:\WINDOWS\System32\WS2_32.dll
0x00007ffc80340000 - 0x00007ffc80374000 	C:\WINDOWS\SYSTEM32\WINMM.dll
0x00007ffc876b0000 - 0x00007ffc876c8000 	C:\WINDOWS\SYSTEM32\kernel.appcore.dll
0x00007ffc748d0000 - 0x00007ffc748da000 	C:\Program Files\Java\jdk-18.0.2.1\bin\jimage.dll
0x00007ffc7e850000 - 0x00007ffc7ea7e000 	C:\WINDOWS\SYSTEM32\DBGHELP.DLL
0x00007ffc8a880000 - 0x00007ffc8ac09000 	C:\WINDOWS\System32\combase.dll
0x00007ffc898f0000 - 0x00007ffc899c7000 	C:\WINDOWS\System32\OLEAUT32.dll
0x00007ffc75050000 - 0x00007ffc75082000 	C:\WINDOWS\SYSTEM32\dbgcore.DLL
0x00007ffc88f00000 - 0x00007ffc88f7b000 	C:\WINDOWS\System32\bcryptPrimitives.dll
0x00007ffc65a40000 - 0x00007ffc65a4e000 	C:\Program Files\Java\jdk-18.0.2.1\bin\instrument.dll
0x00007ffc4eb00000 - 0x00007ffc4eb25000 	C:\Program Files\Java\jdk-18.0.2.1\bin\java.dll
0x00007ffc32c60000 - 0x00007ffc32d36000 	C:\Program Files\Java\jdk-18.0.2.1\bin\jsvml.dll
0x00007ffc8a080000 - 0x00007ffc8a870000 	C:\WINDOWS\System32\SHELL32.dll
0x00007ffc86580000 - 0x00007ffc86e4d000 	C:\WINDOWS\SYSTEM32\windows.storage.dll
0x00007ffc86440000 - 0x00007ffc8657e000 	C:\WINDOWS\SYSTEM32\wintypes.dll
0x00007ffc89ad0000 - 0x00007ffc89bc1000 	C:\WINDOWS\System32\SHCORE.dll
0x00007ffc88f80000 - 0x00007ffc88fde000 	C:\WINDOWS\System32\shlwapi.dll
0x00007ffc884e0000 - 0x00007ffc88501000 	C:\WINDOWS\SYSTEM32\profapi.dll
0x00007ffc5f460000 - 0x00007ffc5f478000 	C:\Program Files\Java\jdk-18.0.2.1\bin\zip.dll
0x00007ffc5f270000 - 0x00007ffc5f283000 	C:\Program Files\Java\jdk-18.0.2.1\bin\net.dll
0x00007ffc7fb50000 - 0x00007ffc7fc7f000 	C:\WINDOWS\SYSTEM32\WINHTTP.dll
0x00007ffc87b10000 - 0x00007ffc87b79000 	C:\WINDOWS\system32\mswsock.dll
0x00007ffc4f950000 - 0x00007ffc4f966000 	C:\Program Files\Java\jdk-18.0.2.1\bin\nio.dll
0x00007ffc65330000 - 0x00007ffc65340000 	C:\Program Files\Java\jdk-18.0.2.1\bin\verify.dll
0x00007ffc4d3b0000 - 0x00007ffc4d3ee000 	C:\Users\Alex_Carl\AppData\Roaming\Code\User\globalStorage\redhat.java\1.15.0\config_win\org.eclipse.equinox.launcher\org.eclipse.equinox.launcher.win32.win32.x86_64_1.2.700.v20221108-1024\eclipse_11801.dll
0x00007ffc8add0000 - 0x00007ffc8af6c000 	C:\WINDOWS\System32\ole32.dll
0x00007ffc87e30000 - 0x00007ffc87e4b000 	C:\WINDOWS\SYSTEM32\CRYPTSP.dll
0x00007ffc87620000 - 0x00007ffc87655000 	C:\WINDOWS\system32\rsaenh.dll
0x00007ffc87bb0000 - 0x00007ffc87bd8000 	C:\WINDOWS\SYSTEM32\USERENV.dll
0x00007ffc87f60000 - 0x00007ffc87f88000 	C:\WINDOWS\SYSTEM32\bcrypt.dll
0x00007ffc87e10000 - 0x00007ffc87e1c000 	C:\WINDOWS\SYSTEM32\CRYPTBASE.dll
0x00007ffc87110000 - 0x00007ffc8713d000 	C:\WINDOWS\SYSTEM32\IPHLPAPI.DLL
0x00007ffc898e0000 - 0x00007ffc898e9000 	C:\WINDOWS\System32\NSI.dll
0x00007ffc80390000 - 0x00007ffc803a9000 	C:\WINDOWS\SYSTEM32\dhcpcsvc6.DLL
0x00007ffc7fa70000 - 0x00007ffc7fa8f000 	C:\WINDOWS\SYSTEM32\dhcpcsvc.DLL
0x00007ffc87140000 - 0x00007ffc87233000 	C:\WINDOWS\SYSTEM32\DNSAPI.dll
0x00007ffc23ac0000 - 0x00007ffc23b05000 	C:\Users\Alex_Carl\AppData\Local\Temp\jna-693416089\jna4843746463652852443.dll

dbghelp: loaded successfully - version: 4.0.5 - missing functions: none
symbol engine: initialized successfully - sym options: 0x614 - pdb path: .;C:\Program Files\Java\jdk-18.0.2.1\bin;C:\WINDOWS\SYSTEM32;C:\WINDOWS\WinSxS\amd64_microsoft.windows.common-controls_6595b64144ccf1df_6.0.22621.436_none_a94247dbc10d8414;C:\Program Files\Java\jdk-18.0.2.1\bin\server;C:\Users\Alex_Carl\AppData\Roaming\Code\User\globalStorage\redhat.java\1.15.0\config_win\org.eclipse.equinox.launcher\org.eclipse.equinox.launcher.win32.win32.x86_64_1.2.700.v20221108-1024;C:\Users\Alex_Carl\AppData\Local\Temp\jna-693416089

VM Arguments:
jvm_args: --add-modules=ALL-SYSTEM --add-opens=java.base/java.util=ALL-UNNAMED --add-opens=java.base/java.lang=ALL-UNNAMED --add-opens=java.base/sun.nio.fs=ALL-UNNAMED -Declipse.application=org.eclipse.jdt.ls.core.id1 -Dosgi.bundles.defaultStartLevel=4 -Declipse.product=org.eclipse.jdt.ls.core.product -Djava.import.generatesMetadataFilesAtProjectRoot=false -Dfile.encoding=utf8 -XX:+UseParallelGC -XX:GCTimeRatio=4 -XX:AdaptiveSizePolicyWeight=90 -Dsun.zip.disableMemoryMapping=true -Xmx1G -Xms100m -Xlog:disable -javaagent:c:\Users\Alex_Carl\.vscode\extensions\redhat.java-1.15.0-win32-x64\lombok\lombok-1.18.24.jar -XX:+HeapDumpOnOutOfMemoryError -XX:HeapDumpPath=c:\Users\Alex_Carl\AppData\Roaming\Code\User\workspaceStorage\57c06f3bca6960271037fad1d69739cf\redhat.java 
java_command: c:\Users\Alex_Carl\.vscode\extensions\redhat.java-1.15.0-win32-x64\server\plugins\org.eclipse.equinox.launcher_1.6.400.v20210924-0641.jar -configuration c:\Users\Alex_Carl\AppData\Roaming\Code\User\globalStorage\redhat.java\1.15.0\config_win -data c:\Users\Alex_Carl\AppData\Roaming\Code\User\workspaceStorage\57c06f3bca6960271037fad1d69739cf\redhat.java\jdt_ws
java_class_path (initial): c:\Users\Alex_Carl\.vscode\extensions\redhat.java-1.15.0-win32-x64\server\plugins\org.eclipse.equinox.launcher_1.6.400.v20210924-0641.jar
Launcher Type: SUN_STANDARD

[Global flags]
    uintx AdaptiveSizePolicyWeight                 = 90                                        {product} {command line}
     intx CICompilerCount                          = 12                                        {product} {ergonomic}
    uintx GCTimeRatio                              = 4                                         {product} {command line}
     bool HeapDumpOnOutOfMemoryError               = true                                   {manageable} {command line}
    ccstr HeapDumpPath                             = c:\Users\Alex_Carl\AppData\Roaming\Code\User\workspaceStorage\57c06f3bca6960271037fad1d69739cf\redhat.java         {manageable} {command line}
   size_t InitialHeapSize                          = 104857600                                 {product} {command line}
   size_t MaxHeapSize                              = 1073741824                                {product} {command line}
   size_t MaxNewSize                               = 357564416                                 {product} {ergonomic}
   size_t MinHeapDeltaBytes                        = 524288                                    {product} {ergonomic}
   size_t MinHeapSize                              = 104857600                                 {product} {command line}
   size_t NewSize                                  = 34603008                                  {product} {ergonomic}
    uintx NonNMethodCodeHeapSize                   = 7602480                                {pd product} {ergonomic}
    uintx NonProfiledCodeHeapSize                  = 122027880                              {pd product} {ergonomic}
   size_t OldSize                                  = 70254592                                  {product} {ergonomic}
    uintx ProfiledCodeHeapSize                     = 122027880                              {pd product} {ergonomic}
    uintx ReservedCodeCacheSize                    = 251658240                              {pd product} {ergonomic}
     bool SegmentedCodeCache                       = true                                      {product} {ergonomic}
   size_t SoftMaxHeapSize                          = 1073741824                             {manageable} {ergonomic}
     bool UseCompressedClassPointers               = true                           {product lp64_product} {ergonomic}
     bool UseCompressedOops                        = true                           {product lp64_product} {ergonomic}
     bool UseLargePagesIndividualAllocation        = false                                  {pd product} {ergonomic}
     bool UseParallelGC                            = true                                      {product} {command line}

Logging:
Log output configuration:
 #0: stdout all=off uptime,level,tags foldmultilines=false
 #1: stderr all=off uptime,level,tags foldmultilines=false

Environment Variables:
JAVA_HOME=C:\Program Files\Java\jdk-18.0.2.1
PATH=C:\Program Files\Microsoft\jdk-11.0.16.101-hotspot\bin;C:\Program Files\Common Files\Oracle\Java\javapath;C:\Program Files\Zulu\zulu-8\bin\;C:\Program Files (x86)\VMware\VMware Workstation\bin\;C:\WINDOWS\system32;C:\WINDOWS;C:\WINDOWS\System32\Wbem;C:\WINDOWS\System32\WindowsPowerShell\v1.0\;C:\WINDOWS\System32\OpenSSH\;C:\Program Files\Microsoft VS Code\bin;C:\xampp\php;C:\ProgramData\ComposerSetup\bin;C:\Program Files\Microsoft SQL Server\130\Tools\Binn\;C:\Program Files\Microsoft SQL Server\Client SDK\ODBC\170\Tools\Binn\;C:\Program Files (x86)\Microsoft SQL Server\150\Tools\Binn\;C:\Program Files\Microsoft SQL Server\150\Tools\Binn\;C:\Program Files\Microsoft SQL Server\150\DTS\Binn\;C:\Program Files (x86)\Microsoft SQL Server\150\DTS\Binn\;C:\Program Files\Azure Data Studio\bin;C:\Program Files\nodejs\;C:\ProgramData\chocolatey\bin;C:\WINDOWS\system32;C:\WINDOWS;C:\WINDOWS\System32\Wbem;C:\WINDOWS\System32\WindowsPowerShell\v1.0\;C:\WINDOWS\System32\OpenSSH\;C;C:\Program Files\Git\cmd;C:\Program Files\Gradle\gradle-7.4.2\bin;C:\Users\Alex_Carl\flutter\bin;C:\Program Files\dotnet\;;C:\Program Files\Docker\Docker\resources\bin;C:\Program Files\MySQL\MySQL Shell 8.0\bin\;C:\Users\Alex_Carl\AppData\Local\Microsoft\WindowsApps;C:\Users\Alex_Carl\AppData\Roaming\Composer\vendor\bin;C:\Program Files\Azure Data Studio\bin;C:\Users\Alex_Carl\AppData\Roaming\npm;C:\Users\Alex_Carl\AppData\Local\GitHubDesktop\bin;C:\Program Files\JetBrains\IntelliJ IDEA Community Edition 2022.1.2\bin;;C:\Program Files\JetBrains\PyCharm Community Edition 2022.2.3\bin;;C:\Users\Alex_Carl\.dotnet\tools
USERNAME=Alex_Carl
OS=Windows_NT
PROCESSOR_IDENTIFIER=AMD64 Family 23 Model 8 Stepping 2, AuthenticAMD



---------------  S Y S T E M  ---------------

OS:
 Windows 11 , 64 bit Build 22621 (10.0.22621.1325)
OS uptime: 3 days 0:57 hours
Hyper-V role detected

CPU: total 16 (initial active 16) (16 cores per cpu, 2 threads per core) family 23 model 8 stepping 2 microcode 0x0, cx8, cmov, fxsr, ht, mmx, 3dnowpref, sse, sse2, sse3, ssse3, sse4a, sse4.1, sse4.2, popcnt, lzcnt, tsc, tscinvbit, avx, avx2, aes, clmul, bmi1, bmi2, adx, sha, fma, vzeroupper, clflush, clflushopt, hv

Memory: 4k page, system-wide physical 32696M (12988M free)
TotalPageFile size 32696M (AvailPageFile size 2M)
current process WorkingSet (physical memory assigned to process): 195M, peak: 198M
current process commit charge ("private bytes"): 322M, peak: 324M

vm_info: Java HotSpot(TM) 64-Bit Server VM (18.0.2.1+1-1) for windows-amd64 JRE (18.0.2.1+1-1), built on Aug 16 2022 01:46:33 by "mach5one" with MS VC++ 16.8 / 16.9 (VS2019)

END.
